p/7-2.png 1 0 0 183 154
p/asd11.png 1 0 0 172 134
p/asd12.png 1 0 0 180 150
p/9-2.png 1 0 0 198 163
p/8-2.png 1 0 0 176 144
p/132.png 1 0 0 177 149
p/23423.png 1 0 0 186 145
p/aas.png 1 0 0 202 203
p/10-2.png 1 0 0 192 198
p/6-2.png 1 0 0 207 205
p/5.png 1 0 0 198 169
p/3-2.png 1 0 0 221 217
p/2.png 1 0 0 215 194
p/1.png 1 0 0 208 222
p/Cue.png 1 0 0 236 237
p/15.png 1 0 0 237 235
p/23423a.png 1 0 0 238 239
p/13.png 1 0 0 244 237
p/12.png 1 0 0 241 242
p/11.png 1 0 0 239 239
p/10.png 1 0 0 238 235
p/9.png 1 0 0 243 244
p/8.png 1 0 0 245 235
p/7.png 1 0 0 243 235
p/6.png 1 0 0 240 233
p/5-2.png 1 0 0 244 236
p/4.png 1 0 0 247 238
p/3.png 1 0 0 242 247
p/2-2.png 1 0 0 246 238
p/1-2.png 1 0 0 243 238